<?xml version="1.0" encoding="UTF-8"?>
<testng-results ignored="0" total="1" passed="1" failed="0" skipped="0">
  <reporter-output>
  </reporter-output>
  <suite started-at="2019-10-16T18:41:27Z" name="dropdown.DropdownTest" finished-at="2019-10-16T18:41:30Z" duration-ms="3394">
    <groups>
    </groups>
    <test started-at="2019-10-16T18:41:27Z" name="Command line test" finished-at="2019-10-16T18:41:30Z" duration-ms="3394">
      <class name="dropdown.DropdownTest">
        <test-method is-config="true" signature="setUp()[pri:0, instance:dropdown.DropdownTest@2a17b7b6]" started-at="2019-10-16T18:41:27Z" name="setUp" finished-at="2019-10-16T18:41:30Z" duration-ms="2924" status="PASS">
          <reporter-output>
          </reporter-output>
        </test-method> <!-- setUp -->
        <test-method signature="testSelectOption()[pri:0, instance:dropdown.DropdownTest@2a17b7b6]" started-at="2019-10-16T18:41:30Z" name="testSelectOption" finished-at="2019-10-16T18:41:30Z" duration-ms="386" status="PASS">
          <reporter-output>
          </reporter-output>
        </test-method> <!-- testSelectOption -->
        <test-method is-config="true" signature="tearDown()[pri:0, instance:dropdown.DropdownTest@2a17b7b6]" started-at="2019-10-16T18:41:30Z" name="tearDown" finished-at="2019-10-16T18:41:30Z" duration-ms="75" status="PASS">
          <reporter-output>
          </reporter-output>
        </test-method> <!-- tearDown -->
      </class> <!-- dropdown.DropdownTest -->
    </test> <!-- Command line test -->
  </suite> <!-- dropdown.DropdownTest -->
</testng-results>
